<?xml version="1.0" encoding="UTF-8"?>
<!-- Generated by org.testng.reporters.JUnitXMLReporter -->
<testsuite ignored="1" hostname="Dhruvil" failures="0" tests="1" name="tutorialsninja-sw-5-" time="12.527" errors="0" timestamp="2023-12-13T18:50:28 GMT">
  <testcase classname="com.tutorialsninjademo.testsuite.DesktopsTest" name="verifyProductArrangeInAlphabeticalOrder" time="7.007"/>
  <testcase classname="com.tutorialsninjademo.testsuite.DesktopsTest" name="verifyProductAddedToShoppingCartSuccessFully" time="0.0">
    <ignored/>
  </testcase> <!-- verifyProductAddedToShoppingCartSuccessFully -->
</testsuite> <!-- tutorialsninja-sw-5- -->
