<?xml version="1.0" encoding="UTF-8"?>
<testng-results ignored="0" total="1" passed="1" failed="0" skipped="0">
  <reporter-output>
    <line>
      <![CDATA[Hovering and Clicking on desktop [[ChromeDriver: chrome on windows (1b172ebc378c17e3be388feeb9b2da81)] -> link text: Desktops]]]>
    </line>
    <line>
      <![CDATA[Clicking on Show all Desktops[[ChromeDriver: chrome on windows (1b172ebc378c17e3be388feeb9b2da81)] -> xpath: //a[normalize-space()='Show AllDesktops']]]]>
    </line>
    <line>
      <![CDATA[Clicking on sort by button [[ChromeDriver: chrome on windows (1b172ebc378c17e3be388feeb9b2da81)] -> id: input-sort]]]>
    </line>
    <line>
      <![CDATA[selectName (Z - A)from[[ChromeDriver: chrome on windows (1b172ebc378c17e3be388feeb9b2da81)] -> id: input-sort]]]>
    </line>
  </reporter-output>
  <suite started-at="2023-12-13T18:50:16 GMT" name="Default Suite" finished-at="2023-12-13T18:50:28 GMT" duration-ms="12527">
    <groups>
      <group name="regression">
        <method signature="DesktopsTest.verifyProductArrangeInAlphabeticalOrder()[pri:0, instance:com.tutorialsninjademo.testsuite.DesktopsTest@4445629]" name="verifyProductArrangeInAlphabeticalOrder" class="com.tutorialsninjademo.testsuite.DesktopsTest"/>
      </group> <!-- regression -->
      <group name="sanity">
        <method signature="DesktopsTest.verifyProductArrangeInAlphabeticalOrder()[pri:0, instance:com.tutorialsninjademo.testsuite.DesktopsTest@4445629]" name="verifyProductArrangeInAlphabeticalOrder" class="com.tutorialsninjademo.testsuite.DesktopsTest"/>
      </group> <!-- sanity -->
    </groups>
    <test started-at="2023-12-13T18:50:16 GMT" name="tutorialsninja-sw-5-" finished-at="2023-12-13T18:50:28 GMT" duration-ms="12527">
      <class name="com.tutorialsninjademo.testsuite.DesktopsTest">
        <test-method is-config="true" signature="setUp()[pri:0, instance:com.tutorialsninjademo.testsuite.DesktopsTest@4445629]" started-at="2023-12-13T18:50:16 GMT" name="setUp" finished-at="2023-12-13T18:50:21 GMT" duration-ms="4791" status="PASS">
          <reporter-output>
          </reporter-output>
        </test-method> <!-- setUp -->
        <test-method is-config="true" signature="inIt()[pri:0, instance:com.tutorialsninjademo.testsuite.DesktopsTest@4445629]" started-at="2023-12-13T18:50:21 GMT" name="inIt" finished-at="2023-12-13T18:50:21 GMT" duration-ms="25" status="PASS">
          <reporter-output>
          </reporter-output>
        </test-method> <!-- inIt -->
        <test-method signature="verifyProductArrangeInAlphabeticalOrder()[pri:0, instance:com.tutorialsninjademo.testsuite.DesktopsTest@4445629]" started-at="2023-12-13T18:50:21 GMT" name="verifyProductArrangeInAlphabeticalOrder" finished-at="2023-12-13T18:50:28 GMT" duration-ms="7007" status="PASS">
          <reporter-output>
            <line>
              <![CDATA[Hovering and Clicking on desktop [[ChromeDriver: chrome on windows (1b172ebc378c17e3be388feeb9b2da81)] -> link text: Desktops]]]>
            </line>
            <line>
              <![CDATA[Clicking on Show all Desktops[[ChromeDriver: chrome on windows (1b172ebc378c17e3be388feeb9b2da81)] -> xpath: //a[normalize-space()='Show AllDesktops']]]]>
            </line>
            <line>
              <![CDATA[Clicking on sort by button [[ChromeDriver: chrome on windows (1b172ebc378c17e3be388feeb9b2da81)] -> id: input-sort]]]>
            </line>
            <line>
              <![CDATA[selectName (Z - A)from[[ChromeDriver: chrome on windows (1b172ebc378c17e3be388feeb9b2da81)] -> id: input-sort]]]>
            </line>
          </reporter-output>
        </test-method> <!-- verifyProductArrangeInAlphabeticalOrder -->
        <test-method is-config="true" signature="tearDown()[pri:0, instance:com.tutorialsninjademo.testsuite.DesktopsTest@4445629]" started-at="2023-12-13T18:50:28 GMT" name="tearDown" finished-at="2023-12-13T18:50:28 GMT" duration-ms="356" status="PASS">
          <reporter-output>
          </reporter-output>
        </test-method> <!-- tearDown -->
      </class> <!-- com.tutorialsninjademo.testsuite.DesktopsTest -->
    </test> <!-- tutorialsninja-sw-5- -->
  </suite> <!-- Default Suite -->
</testng-results>
